[2026-02-10 06:55:46Z INFO HostContext] No proxy settings were found based on environmental variables (http_proxy/https_proxy/HTTP_PROXY/HTTPS_PROXY)
[2026-02-10 06:55:46Z INFO HostContext] Well known directory 'Bin': 'C:\Users\a7577\Desktop\robot_frame_work\actions-runner\bin'
[2026-02-10 06:55:46Z INFO HostContext] Well known directory 'Root': 'C:\Users\a7577\Desktop\robot_frame_work\actions-runner'
[2026-02-10 06:55:46Z INFO HostContext] Well known config file 'Credentials': 'C:\Users\a7577\Desktop\robot_frame_work\actions-runner\.credentials'
[2026-02-10 06:55:46Z INFO HostContext] Well known directory 'Bin': 'C:\Users\a7577\Desktop\robot_frame_work\actions-runner\bin'
[2026-02-10 06:55:46Z INFO HostContext] Well known directory 'Root': 'C:\Users\a7577\Desktop\robot_frame_work\actions-runner'
[2026-02-10 06:55:46Z INFO HostContext] Well known config file 'Runner': 'C:\Users\a7577\Desktop\robot_frame_work\actions-runner\.runner'
[2026-02-10 06:55:46Z INFO Worker] Version: 2.331.0
[2026-02-10 06:55:46Z INFO Worker] Commit: 39f6c643d3032f8795fa71f1482731ca90c8e038
[2026-02-10 06:55:46Z INFO Worker] Culture: en-IN
[2026-02-10 06:55:46Z INFO Worker] UI Culture: en-US
[2026-02-10 06:55:46Z INFO Worker] Waiting to receive the job message from the channel.
[2026-02-10 06:55:46Z INFO ProcessChannel] Receiving message of length 21295, with hash '6efa67bb258d73dbe05dd2f76348210dd8da2f2f24235d5c993292e28c76acc1'
[2026-02-10 06:55:46Z INFO Worker] Message received.
[2026-02-10 06:55:46Z INFO Worker] Job message:
 {
  "fileTable": [
    ".github/workflows/main.yml"
  ],
  "mask": [
    {
      "type": "regex",
      "value": "***"
    },
    {
      "type": "regex",
      "value": "***"
    },
    {
      "type": "regex",
      "value": "***"
    },
    {
      "type": "regex",
      "value": "***"
    },
    {
      "type": "regex",
      "value": "***"
    },
    {
      "type": "regex",
      "value": "***"
    },
    {
      "type": "regex",
      "value": "***"
    },
    {
      "type": "regex",
      "value": "***"
    },
    {
      "type": "regex",
      "value": "***"
    },
    {
      "type": "regex",
      "value": "***"
    },
    {
      "type": "regex",
      "value": "***"
    },
    {
      "type": "regex",
      "value": "***"
    },
    {
      "type": "regex",
      "value": "***"
    },
    {
      "type": "regex",
      "value": "***"
    },
    {
      "type": "regex",
      "value": "***"
    },
    {
      "type": "regex",
      "value": "***"
    },
    {
      "type": "regex",
      "value": "***"
    },
    {
      "type": "regex",
      "value": "***"
    }
  ],
  "steps": [
    {
      "type": "action",
      "reference": {
        "type": "repository",
        "name": "actions/checkout",
        "ref": "v3",
        "repositoryType": "GitHub"
      },
      "contextName": "__actions_checkout",
      "condition": "success()",
      "id": "8b512f1f-6489-433b-b46b-0fa745b4c7b8",
      "name": "__actions_checkout"
    },
    {
      "type": "action",
      "reference": {
        "type": "repository",
        "name": "actions/setup-python",
        "ref": "v4",
        "repositoryType": "GitHub"
      },
      "displayNameToken": {
        "type": 0,
        "file": 1,
        "line": 14,
        "col": 13,
        "lit": "Setup Python"
      },
      "contextName": "__actions_setup-python",
      "inputs": {
        "type": 2,
        "file": 1,
        "line": 17,
        "col": 9,
        "map": [
          {
            "key": {
              "type": 0,
              "file": 1,
              "line": 17,
              "col": 9,
              "lit": "python-version"
            },
            "value": {
              "type": 0,
              "file": 1,
              "line": 17,
              "col": 25,
              "lit": "3.10"
            }
          }
        ]
      },
      "condition": "success()",
      "id": "ea630af2-aa19-447e-9c38-feaf0e2180d2",
      "name": "__actions_setup-python"
    },
    {
      "type": "action",
      "reference": {
        "type": "script"
      },
      "displayNameToken": {
        "type": 0,
        "file": 1,
        "line": 19,
        "col": 13,
        "lit": "Install dependencies"
      },
      "contextName": "__run",
      "inputs": {
        "type": 2,
        "map": [
          {
            "key": "script",
            "value": {
              "type": 0,
              "file": 1,
              "line": 20,
              "col": 12,
              "lit": "pip install robotframework\npip install pyserial\n"
            }
          }
        ]
      },
      "condition": "success()",
      "id": "f7771a27-88ea-48f7-8173-a79d8df61393",
      "name": "__run"
    },
    {
      "type": "action",
      "reference": {
        "type": "script"
      },
      "displayNameToken": {
        "type": 0,
        "file": 1,
        "line": 24,
        "col": 13,
        "lit": "Run Robot Test"
      },
      "contextName": "__run_2",
      "inputs": {
        "type": 2,
        "map": [
          {
            "key": "script",
            "value": {
              "type": 0,
              "file": 1,
              "line": 25,
              "col": 12,
              "lit": "robot esp_test.robot\n"
            }
          }
        ]
      },
      "condition": "success()",
      "id": "669c8e16-1144-4430-b5a6-914c41b0b85b",
      "name": "__run_2"
    },
    {
      "type": "action",
      "reference": {
        "type": "repository",
        "name": "actions/upload-artifact",
        "ref": "v3",
        "repositoryType": "GitHub"
      },
      "displayNameToken": {
        "type": 0,
        "file": 1,
        "line": 28,
        "col": 13,
        "lit": "Upload Report"
      },
      "contextName": "__actions_upload-artifact",
      "inputs": {
        "type": 2,
        "file": 1,
        "line": 31,
        "col": 9,
        "map": [
          {
            "key": {
              "type": 0,
              "file": 1,
              "line": 31,
              "col": 9,
              "lit": "name"
            },
            "value": {
              "type": 0,
              "file": 1,
              "line": 31,
              "col": 15,
              "lit": "Robot-Report"
            }
          },
          {
            "key": {
              "type": 0,
              "file": 1,
              "line": 32,
              "col": 9,
              "lit": "path"
            },
            "value": {
              "type": 0,
              "file": 1,
              "line": 32,
              "col": 15,
              "lit": "log.html\nreport.html\noutput.xml\n"
            }
          }
        ]
      },
      "condition": "success()",
      "id": "fbe888a2-65e9-4be3-814c-a09674a55a42",
      "name": "__actions_upload-artifact"
    }
  ],
  "variables": {
    "Actions.EnableHttpRedirects": {
      "value": "true"
    },
    "DistributedTask.AddWarningToNode12Action": {
      "value": "true"
    },
    "DistributedTask.AddWarningToNode16Action": {
      "value": "true"
    },
    "DistributedTask.AllowRunnerContainerHooks": {
      "value": "true"
    },
    "DistributedTask.DeprecateStepOutputCommands": {
      "value": "true"
    },
    "DistributedTask.DetailUntarFailure": {
      "value": "true"
    },
    "DistributedTask.EnableCompositeActions": {
      "value": "true"
    },
    "DistributedTask.EnableJobServerQueueTelemetry": {
      "value": "true"
    },
    "DistributedTask.EnhancedAnnotations": {
      "value": "true"
    },
    "DistributedTask.ForceGithubJavascriptActionsToNode16": {
      "value": "true"
    },
    "DistributedTask.ForceGithubJavascriptActionsToNode20": {
      "value": "true"
    },
    "DistributedTask.LogTemplateErrorsAsDebugMessages": {
      "value": "true"
    },
    "DistributedTask.MarkJobAsFailedOnWorkerCrash": {
      "value": "true"
    },
    "DistributedTask.NewActionMetadata": {
      "value": "true"
    },
    "DistributedTask.UploadStepSummary": {
      "value": "true"
    },
    "DistributedTask.UseActionArchiveCache": {
      "value": "true"
    },
    "DistributedTask.UseWhich2": {
      "value": "true"
    },
    "RunService.FixEmbeddedIssues": {
      "value": "true"
    },
    "actions_add_check_run_id_to_job_context": {
      "value": "true"
    },
    "actions_container_action_runner_temp": {
      "value": "true"
    },
    "actions_display_helpful_actions_download_errors": {
      "value": "true"
    },
    "actions_runner_compare_workflow_parser": {
      "value": "false"
    },
    "actions_set_orchestration_id_env_for_actions": {
      "value": "true"
    },
    "actions_skip_retry_complete_job_upon_known_errors": {
      "value": "true"
    },
    "actions_uses_cache_service_v2": {
      "value": "true"
    },
    "github_token": {
      "value": "***",
      "isSecret": true
    },
    "system.from_run_service": {
      "value": "true"
    },
    "system.github.job": {
      "value": "test"
    },
    "system.github.launch_endpoint": {
      "value": "https://launch.actions.githubusercontent.com"
    },
    "system.github.results_endpoint": {
      "value": "https://results-receiver.actions.githubusercontent.com/"
    },
    "system.github.results_upload_with_sdk": {
      "value": "true"
    },
    "system.github.token": {
      "value": "***",
      "isSecret": true
    },
    "system.github.token.permissions": {
      "value": "{\"Contents\":\"read\",\"Metadata\":\"read\",\"Packages\":\"read\"}"
    },
    "system.orchestrationId": {
      "value": "ea828ad9-af2e-4fdb-9807-7ea0820823fe.test.__default"
    },
    "system.phaseDisplayName": {
      "value": "test"
    },
    "system.runner.lowdiskspacethreshold": {
      "value": "100"
    },
    "system.runnerEnvironment": {
      "value": "self-hosted"
    },
    "system.runnerGroupName": {
      "value": "Default"
    }
  },
  "messageType": "RunnerJobRequest",
  "plan": {
    "scopeIdentifier": "00000000-0000-0000-0000-000000000000",
    "planType": "actions",
    "version": 0,
    "planId": "ea828ad9-af2e-4fdb-9807-7ea0820823fe",
    "planGroup": null,
    "artifactUri": null,
    "artifactLocation": null,
    "definition": null,
    "owner": null
  },
  "timeline": {
    "id": "ea828ad9-af2e-4fdb-9807-7ea0820823fe",
    "changeId": 0,
    "location": null
  },
  "jobId": "af4ac457-6235-5683-84bf-93caa42f6371",
  "jobDisplayName": "test",
  "jobName": "__default",
  "requestId": 0,
  "lockedUntil": "0001-01-01T00:00:00",
  "resources": {
    "endpoints": [
      {
        "data": {
          "ServerId": "",
          "ServerName": "",
          "CacheServerUrl": "https://artifactcache.actions.githubusercontent.com/33y6D9JhleeiQ1Fsmp6ENRoCcXk3SVL6IyWMYnMUVPie4R3PFS/",
          "FeedStreamUrl": "wss://results-receiver.actions.githubusercontent.com/_ws/ingest.sock",
          "ResultsServiceUrl": "https://results-receiver.actions.githubusercontent.com/",
          "PipelinesServiceUrl": "https://pipelinesghubeus13.actions.githubusercontent.com/33y6D9JhleeiQ1Fsmp6ENRoCcXk3SVL6IyWMYnMUVPie4R3PFS/",
          "GenerateIdTokenUrl": "",
          "ConnectivityChecks": "[\"https://broker.actions.githubusercontent.com/health\",\"https://token.actions.githubusercontent.com/ready\",\"https://run.actions.githubusercontent.com/health\"]"
        },
        "name": "SystemVssConnection",
        "url": "https://run-actions-3-azure-eastus.actions.githubusercontent.com/34/",
        "authorization": {
          "parameters": {
            "AccessToken": "***"
          },
          "scheme": "OAuth"
        },
        "isShared": false,
        "isReady": true
      }
    ]
  },
  "contextData": {
    "github": {
      "t": 2,
      "d": [
        {
          "k": "ref",
          "v": "refs/heads/main"
        },
        {
          "k": "sha",
          "v": "34e7a9ee1fbd8a165b64aa7c01f8ca262604fbef"
        },
        {
          "k": "repository",
          "v": "Armaan-khan786/robot_frame_work"
        },
        {
          "k": "repository_owner",
          "v": "Armaan-khan786"
        },
        {
          "k": "repository_owner_id",
          "v": "257693519"
        },
        {
          "k": "repositoryUrl",
          "v": "git://github.com/Armaan-khan786/robot_frame_work.git"
        },
        {
          "k": "run_id",
          "v": "21854917432"
        },
        {
          "k": "run_number",
          "v": "2"
        },
        {
          "k": "retention_days",
          "v": "90"
        },
        {
          "k": "run_attempt",
          "v": "1"
        },
        {
          "k": "artifact_cache_size_limit",
          "v": "10"
        },
        {
          "k": "repository_visibility",
          "v": "public"
        },
        {
          "k": "actor_id",
          "v": "257693519"
        },
        {
          "k": "actor",
          "v": "Armaan-khan786"
        },
        {
          "k": "workflow",
          "v": "ESP32 Hardware CI"
        },
        {
          "k": "head_ref",
          "v": ""
        },
        {
          "k": "base_ref",
          "v": ""
        },
        {
          "k": "event_name",
          "v": "push"
        },
        {
          "k": "server_url",
          "v": "https://github.com"
        },
        {
          "k": "api_url",
          "v": "https://api.github.com"
        },
        {
          "k": "graphql_url",
          "v": "https://api.github.com/graphql"
        },
        {
          "k": "ref_name",
          "v": "main"
        },
        {
          "k": "ref_protected",
          "v": false
        },
        {
          "k": "ref_type",
          "v": "branch"
        },
        {
          "k": "secret_source",
          "v": "Actions"
        },
        {
          "k": "event",
          "v": {
            "t": 2,
            "d": [
              {
                "k": "after",
                "v": "34e7a9ee1fbd8a165b64aa7c01f8ca262604fbef"
              },
              {
                "k": "base_ref",
                "v": null
              },
              {
                "k": "before",
                "v": "7b1d742085cc84cf5005184a7815dc5a8f236f82"
              },
              {
                "k": "commits",
                "v": {
                  "t": 1,
                  "a": [
                    {
                      "t": 2,
                      "d": [
                        {
                          "k": "author",
                          "v": {
                            "t": 2,
                            "d": [
                              {
                                "k": "email",
                                "v": "a75777129@gmail.com"
                              },
                              {
                                "k": "name",
                                "v": "Armaan-khan786"
                              },
                              {
                                "k": "username",
                                "v": "Armaan-khan786"
                              }
                            ]
                          }
                        },
                        {
                          "k": "committer",
                          "v": {
                            "t": 2,
                            "d": [
                              {
                                "k": "email",
                                "v": "noreply@github.com"
                              },
                              {
                                "k": "name",
                                "v": "GitHub"
                              },
                              {
                                "k": "username",
                                "v": "web-flow"
                              }
                            ]
                          }
                        },
                        {
                          "k": "distinct",
                          "v": true
                        },
                        {
                          "k": "id",
                          "v": "34e7a9ee1fbd8a165b64aa7c01f8ca262604fbef"
                        },
                        {
                          "k": "message",
                          "v": "Update main.yml"
                        },
                        {
                          "k": "timestamp",
                          "v": "2026-02-10T12:25:38+05:30"
                        },
                        {
                          "k": "tree_id",
                          "v": "dc3babea720794137b4de008c7eb644fc0d49fbd"
                        },
                        {
                          "k": "url",
                          "v": "https://github.com/Armaan-khan786/robot_frame_work/commit/34e7a9ee1fbd8a165b64aa7c01f8ca262604fbef"
                        }
                      ]
                    }
                  ]
                }
              },
              {
                "k": "compare",
                "v": "https://github.com/Armaan-khan786/robot_frame_work/compare/7b1d742085cc...34e7a9ee1fbd"
              },
              {
                "k": "created",
                "v": false
              },
              {
                "k": "deleted",
                "v": false
              },
              {
                "k": "forced",
                "v": false
              },
              {
                "k": "head_commit",
                "v": {
                  "t": 2,
                  "d": [
                    {
                      "k": "author",
                      "v": {
                        "t": 2,
                        "d": [
                          {
                            "k": "email",
                            "v": "a75777129@gmail.com"
                          },
                          {
                            "k": "name",
                            "v": "Armaan-khan786"
                          },
                          {
                            "k": "username",
                            "v": "Armaan-khan786"
                          }
                        ]
                      }
                    },
                    {
                      "k": "committer",
                      "v": {
                        "t": 2,
                        "d": [
                          {
                            "k": "email",
                            "v": "noreply@github.com"
                          },
                          {
                            "k": "name",
                            "v": "GitHub"
                          },
                          {
                            "k": "username",
                            "v": "web-flow"
                          }
                        ]
                      }
                    },
                    {
                      "k": "distinct",
                      "v": true
                    },
                    {
                      "k": "id",
                      "v": "34e7a9ee1fbd8a165b64aa7c01f8ca262604fbef"
                    },
                    {
                      "k": "message",
                      "v": "Update main.yml"
                    },
                    {
                      "k": "timestamp",
                      "v": "2026-02-10T12:25:38+05:30"
                    },
                    {
                      "k": "tree_id",
                      "v": "dc3babea720794137b4de008c7eb644fc0d49fbd"
                    },
                    {
                      "k": "url",
                      "v": "https://github.com/Armaan-khan786/robot_frame_work/commit/34e7a9ee1fbd8a165b64aa7c01f8ca262604fbef"
                    }
                  ]
                }
              },
              {
                "k": "pusher",
                "v": {
                  "t": 2,
                  "d": [
                    {
                      "k": "email",
                      "v": "a75777129@gmail.com"
                    },
                    {
                      "k": "name",
                      "v": "Armaan-khan786"
                    }
                  ]
                }
              },
              {
                "k": "ref",
                "v": "refs/heads/main"
              },
              {
                "k": "repository",
                "v": {
                  "t": 2,
                  "d": [
                    {
                      "k": "allow_forking",
                      "v": true
                    },
                    {
                      "k": "archive_url",
                      "v": "https://api.github.com/repos/Armaan-khan786/robot_frame_work/{archive_format}{/ref}"
                    },
                    {
                      "k": "archived",
                      "v": false
                    },
                    {
                      "k": "assignees_url",
                      "v": "https://api.github.com/repos/Armaan-khan786/robot_frame_work/assignees{/user}"
                    },
                    {
                      "k": "blobs_url",
                      "v": "https://api.github.com/repos/Armaan-khan786/robot_frame_work/git/blobs{/sha}"
                    },
                    {
                      "k": "branches_url",
                      "v": "https://api.github.com/repos/Armaan-khan786/robot_frame_work/branches{/branch}"
                    },
                    {
                      "k": "clone_url",
                      "v": "https://github.com/Armaan-khan786/robot_frame_work.git"
                    },
                    {
                      "k": "collaborators_url",
                      "v": "https://api.github.com/repos/Armaan-khan786/robot_frame_work/collaborators{/collaborator}"
                    },
                    {
                      "k": "comments_url",
                      "v": "https://api.github.com/repos/Armaan-khan786/robot_frame_work/comments{/number}"
                    },
                    {
                      "k": "commits_url",
                      "v": "https://api.github.com/repos/Armaan-khan786/robot_frame_work/commits{/sha}"
                    },
                    {
                      "k": "compare_url",
                      "v": "https://api.github.com/repos/Armaan-khan786/robot_frame_work/compare/{base}...{head}"
                    },
                    {
                      "k": "contents_url",
                      "v": "https://api.github.com/repos/Armaan-khan786/robot_frame_work/contents/{+path}"
                    },
                    {
                      "k": "contributors_url",
                      "v": "https://api.github.com/repos/Armaan-khan786/robot_frame_work/contributors"
                    },
                    {
                      "k": "created_at",
                      "v": 1770705992.0
                    },
                    {
                      "k": "default_branch",
                      "v": "main"
                    },
                    {
                      "k": "deployments_url",
                      "v": "https://api.github.com/repos/Armaan-khan786/robot_frame_work/deployments"
                    },
                    {
                      "k": "description",
                      "v": null
                    },
                    {
                      "k": "disabled",
                      "v": false
                    },
                    {
                      "k": "downloads_url",
                      "v": "https://api.github.com/repos/Armaan-khan786/robot_frame_work/downloads"
                    },
                    {
                      "k": "events_url",
                      "v": "https://api.github.com/repos/Armaan-khan786/robot_frame_work/events"
                    },
                    {
                      "k": "fork",
                      "v": false
                    },
                    {
                      "k": "forks",
                      "v": 0.0
                    },
                    {
                      "k": "forks_count",
                      "v": 0.0
                    },
                    {
                      "k": "forks_url",
                      "v": "https://api.github.com/repos/Armaan-khan786/robot_frame_work/forks"
                    },
                    {
                      "k": "full_name",
                      "v": "Armaan-khan786/robot_frame_work"
                    },
                    {
                      "k": "git_commits_url",
                      "v": "https://api.github.com/repos/Armaan-khan786/robot_frame_work/git/commits{/sha}"
                    },
                    {
                      "k": "git_refs_url",
                      "v": "https://api.github.com/repos/Armaan-khan786/robot_frame_work/git/refs{/sha}"
                    },
                    {
                      "k": "git_tags_url",
                      "v": "https://api.github.com/repos/Armaan-khan786/robot_frame_work/git/tags{/sha}"
                    },
                    {
                      "k": "git_url",
                      "v": "git://github.com/Armaan-khan786/robot_frame_work.git"
                    },
                    {
                      "k": "has_discussions",
                      "v": false
                    },
                    {
                      "k": "has_downloads",
                      "v": true
                    },
                    {
                      "k": "has_issues",
                      "v": true
                    },
                    {
                      "k": "has_pages",
                      "v": false
                    },
                    {
                      "k": "has_projects",
                      "v": true
                    },
                    {
                      "k": "has_wiki",
                      "v": true
                    },
                    {
                      "k": "homepage",
                      "v": null
                    },
                    {
                      "k": "hooks_url",
                      "v": "https://api.github.com/repos/Armaan-khan786/robot_frame_work/hooks"
                    },
                    {
                      "k": "html_url",
                      "v": "https://github.com/Armaan-khan786/robot_frame_work"
                    },
                    {
                      "k": "id",
                      "v": 1154236412.0
                    },
                    {
                      "k": "is_template",
                      "v": false
                    },
                    {
                      "k": "issue_comment_url",
                      "v": "https://api.github.com/repos/Armaan-khan786/robot_frame_work/issues/comments{/number}"
                    },
                    {
                      "k": "issue_events_url",
                      "v": "https://api.github.com/repos/Armaan-khan786/robot_frame_work/issues/events{/number}"
                    },
                    {
                      "k": "issues_url",
                      "v": "https://api.github.com/repos/Armaan-khan786/robot_frame_work/issues{/number}"
                    },
                    {
                      "k": "keys_url",
                      "v": "https://api.github.com/repos/Armaan-khan786/robot_frame_work/keys{/key_id}"
                    },
                    {
                      "k": "labels_url",
                      "v": "https://api.github.com/repos/Armaan-khan786/robot_frame_work/labels{/name}"
                    },
                    {
                      "k": "language",
                      "v": "C++"
                    },
                    {
                      "k": "languages_url",
                      "v": "https://api.github.com/repos/Armaan-khan786/robot_frame_work/languages"
                    },
                    {
                      "k": "license",
                      "v": {
                        "t": 2,
                        "d": [
                          {
                            "k": "key",
                            "v": "gpl-3.0"
                          },
                          {
                            "k": "name",
                            "v": "GNU General Public License v3.0"
                          },
                          {
                            "k": "node_id",
                            "v": "MDc6TGljZW5zZTk="
                          },
                          {
                            "k": "spdx_id",
                            "v": "GPL-3.0"
                          },
                          {
                            "k": "url",
                            "v": "https://api.github.com/licenses/gpl-3.0"
                          }
                        ]
                      }
                    },
                    {
                      "k": "master_branch",
                      "v": "main"
                    },
                    {
                      "k": "merges_url",
                      "v": "https://api.github.com/repos/Armaan-khan786/robot_frame_work/merges"
                    },
                    {
                      "k": "milestones_url",
                      "v": "https://api.github.com/repos/Armaan-khan786/robot_frame_work/milestones{/number}"
                    },
                    {
                      "k": "mirror_url",
                      "v": null
                    },
                    {
                      "k": "name",
                      "v": "robot_frame_work"
                    },
                    {
                      "k": "node_id",
                      "v": "R_kgDORMw__A"
                    },
                    {
                      "k": "notifications_url",
                      "v": "https://api.github.com/repos/Armaan-khan786/robot_frame_work/notifications{?since,all,participating}"
                    },
                    {
                      "k": "open_issues",
                      "v": 0.0
                    },
                    {
                      "k": "open_issues_count",
                      "v": 0.0
                    },
                    {
                      "k": "owner",
                      "v": {
                        "t": 2,
                        "d": [
                          {
                            "k": "avatar_url",
                            "v": "https://avatars.githubusercontent.com/u/257693519?v=4"
                          },
                          {
                            "k": "email",
                            "v": "a75777129@gmail.com"
                          },
                          {
                            "k": "events_url",
                            "v": "https://api.github.com/users/Armaan-khan786/events{/privacy}"
                          },
                          {
                            "k": "followers_url",
                            "v": "https://api.github.com/users/Armaan-khan786/followers"
                          },
                          {
                            "k": "following_url",
                            "v": "https://api.github.com/users/Armaan-khan786/following{/other_user}"
                          },
                          {
                            "k": "gists_url",
                            "v": "https://api.github.com/users/Armaan-khan786/gists{/gist_id}"
                          },
                          {
                            "k": "gravatar_id",
                            "v": ""
                          },
                          {
                            "k": "html_url",
                            "v": "https://github.com/Armaan-khan786"
                          },
                          {
                            "k": "id",
                            "v": 257693519.0
                          },
                          {
                            "k": "login",
                            "v": "Armaan-khan786"
                          },
                          {
                            "k": "name",
                            "v": "Armaan-khan786"
                          },
                          {
                            "k": "node_id",
                            "v": "U_kgDOD1wXTw"
                          },
                          {
                            "k": "organizations_url",
                            "v": "https://api.github.com/users/Armaan-khan786/orgs"
                          },
                          {
                            "k": "received_events_url",
                            "v": "https://api.github.com/users/Armaan-khan786/received_events"
                          },
                          {
                            "k": "repos_url",
                            "v": "https://api.github.com/users/Armaan-khan786/repos"
                          },
                          {
                            "k": "site_admin",
                            "v": false
                          },
                          {
                            "k": "starred_url",
                            "v": "https://api.github.com/users/Armaan-khan786/starred{/owner}{/repo}"
                          },
                          {
                            "k": "subscriptions_url",
                            "v": "https://api.github.com/users/Armaan-khan786/subscriptions"
                          },
                          {
                            "k": "type",
                            "v": "User"
                          },
                          {
                            "k": "url",
                            "v": "https://api.github.com/users/Armaan-khan786"
                          },
                          {
                            "k": "user_view_type",
                            "v": "public"
                          }
                        ]
                      }
                    },
                    {
                      "k": "private",
                      "v": false
                    },
                    {
                      "k": "pulls_url",
                      "v": "https://api.github.com/repos/Armaan-khan786/robot_frame_work/pulls{/number}"
                    },
                    {
                      "k": "pushed_at",
                      "v": 1770706538.0
                    },
                    {
                      "k": "releases_url",
                      "v": "https://api.github.com/repos/Armaan-khan786/robot_frame_work/releases{/id}"
                    },
                    {
                      "k": "size",
                      "v": 0.0
                    },
                    {
                      "k": "ssh_url",
                      "v": "git@github.com:Armaan-khan786/robot_frame_work.git"
                    },
                    {
                      "k": "stargazers",
                      "v": 0.0
                    },
                    {
                      "k": "stargazers_count",
                      "v": 0.0
                    },
                    {
                      "k": "stargazers_url",
                      "v": "https://api.github.com/repos/Armaan-khan786/robot_frame_work/stargazers"
                    },
                    {
                      "k": "statuses_url",
                      "v": "https://api.github.com/repos/Armaan-khan786/robot_frame_work/statuses/{sha}"
                    },
                    {
                      "k": "subscribers_url",
                      "v": "https://api.github.com/repos/Armaan-khan786/robot_frame_work/subscribers"
                    },
                    {
                      "k": "subscription_url",
                      "v": "https://api.github.com/repos/Armaan-khan786/robot_frame_work/subscription"
                    },
                    {
                      "k": "svn_url",
                      "v": "https://github.com/Armaan-khan786/robot_frame_work"
                    },
                    {
                      "k": "tags_url",
                      "v": "https://api.github.com/repos/Armaan-khan786/robot_frame_work/tags"
                    },
                    {
                      "k": "teams_url",
                      "v": "https://api.github.com/repos/Armaan-khan786/robot_frame_work/teams"
                    },
                    {
                      "k": "topics",
                      "v": {
                        "t": 1
                      }
                    },
                    {
                      "k": "trees_url",
                      "v": "https://api.github.com/repos/Armaan-khan786/robot_frame_work/git/trees{/sha}"
                    },
                    {
                      "k": "updated_at",
                      "v": "2026-02-10T06:50:56Z"
                    },
                    {
                      "k": "url",
                      "v": "https://api.github.com/repos/Armaan-khan786/robot_frame_work"
                    },
                    {
                      "k": "visibility",
                      "v": "public"
                    },
                    {
                      "k": "watchers",
                      "v": 0.0
                    },
                    {
                      "k": "watchers_count",
                      "v": 0.0
                    },
                    {
                      "k": "web_commit_signoff_required",
                      "v": false
                    }
                  ]
                }
              },
              {
                "k": "sender",
                "v": {
                  "t": 2,
                  "d": [
                    {
                      "k": "avatar_url",
                      "v": "https://avatars.githubusercontent.com/u/257693519?v=4"
                    },
                    {
                      "k": "events_url",
                      "v": "https://api.github.com/users/Armaan-khan786/events{/privacy}"
                    },
                    {
                      "k": "followers_url",
                      "v": "https://api.github.com/users/Armaan-khan786/followers"
                    },
                    {
                      "k": "following_url",
                      "v": "https://api.github.com/users/Armaan-khan786/following{/other_user}"
                    },
                    {
                      "k": "gists_url",
                      "v": "https://api.github.com/users/Armaan-khan786/gists{/gist_id}"
                    },
                    {
                      "k": "gravatar_id",
                      "v": ""
                    },
                    {
                      "k": "html_url",
                      "v": "https://github.com/Armaan-khan786"
                    },
                    {
                      "k": "id",
                      "v": 257693519.0
                    },
                    {
                      "k": "login",
                      "v": "Armaan-khan786"
                    },
                    {
                      "k": "node_id",
                      "v": "U_kgDOD1wXTw"
                    },
                    {
                      "k": "organizations_url",
                      "v": "https://api.github.com/users/Armaan-khan786/orgs"
                    },
                    {
                      "k": "received_events_url",
                      "v": "https://api.github.com/users/Armaan-khan786/received_events"
                    },
                    {
                      "k": "repos_url",
                      "v": "https://api.github.com/users/Armaan-khan786/repos"
                    },
                    {
                      "k": "site_admin",
                      "v": false
                    },
                    {
                      "k": "starred_url",
                      "v": "https://api.github.com/users/Armaan-khan786/starred{/owner}{/repo}"
                    },
                    {
                      "k": "subscriptions_url",
                      "v": "https://api.github.com/users/Armaan-khan786/subscriptions"
                    },
                    {
                      "k": "type",
                      "v": "User"
                    },
                    {
                      "k": "url",
                      "v": "https://api.github.com/users/Armaan-khan786"
                    },
                    {
                      "k": "user_view_type",
                      "v": "public"
                    }
                  ]
                }
              }
            ]
          }
        },
        {
          "k": "workflow_ref",
          "v": "Armaan-khan786/robot_frame_work/.github/workflows/main.yml@refs/heads/main"
        },
        {
          "k": "workflow_sha",
          "v": "34e7a9ee1fbd8a165b64aa7c01f8ca262604fbef"
        },
        {
          "k": "repository_id",
          "v": "1154236412"
        },
        {
          "k": "triggering_actor",
          "v": "Armaan-khan786"
        }
      ]
    },
    "inputs": {
      "t": 2
    },
    "job": {
      "t": 2,
      "d": [
        {
          "k": "check_run_id",
          "v": 63069573852.0
        }
      ]
    },
    "matrix": null,
    "needs": {
      "t": 2
    },
    "strategy": {
      "t": 2,
      "d": [
        {
          "k": "fail-fast",
          "v": true
        },
        {
          "k": "job-index",
          "v": 0.0
        },
        {
          "k": "job-total",
          "v": 1.0
        },
        {
          "k": "max-parallel",
          "v": 1.0
        }
      ]
    },
    "vars": {
      "t": 2
    }
  },
  "billingOwnerId": "U_kgDOD1wXTw"
}
[2026-02-10 06:55:46Z INFO JobRunner] Job ID af4ac457-6235-5683-84bf-93caa42f6371
[2026-02-10 06:55:46Z INFO ConfigurationStore] currentAssemblyLocation: C:\Users\a7577\Desktop\robot_frame_work\actions-runner\bin\Runner.Worker.dll
[2026-02-10 06:55:46Z INFO HostContext] Well known directory 'Bin': 'C:\Users\a7577\Desktop\robot_frame_work\actions-runner\bin'
[2026-02-10 06:55:46Z INFO ConfigurationStore] binPath: C:\Users\a7577\Desktop\robot_frame_work\actions-runner\bin
[2026-02-10 06:55:46Z INFO HostContext] Well known directory 'Bin': 'C:\Users\a7577\Desktop\robot_frame_work\actions-runner\bin'
[2026-02-10 06:55:46Z INFO HostContext] Well known directory 'Root': 'C:\Users\a7577\Desktop\robot_frame_work\actions-runner'
[2026-02-10 06:55:46Z INFO ConfigurationStore] RootFolder: C:\Users\a7577\Desktop\robot_frame_work\actions-runner
[2026-02-10 06:55:46Z INFO HostContext] Well known directory 'Bin': 'C:\Users\a7577\Desktop\robot_frame_work\actions-runner\bin'
[2026-02-10 06:55:46Z INFO HostContext] Well known directory 'Root': 'C:\Users\a7577\Desktop\robot_frame_work\actions-runner'
[2026-02-10 06:55:46Z INFO HostContext] Well known config file 'Runner': 'C:\Users\a7577\Desktop\robot_frame_work\actions-runner\.runner'
[2026-02-10 06:55:46Z INFO ConfigurationStore] ConfigFilePath: C:\Users\a7577\Desktop\robot_frame_work\actions-runner\.runner
[2026-02-10 06:55:46Z INFO HostContext] Well known directory 'Bin': 'C:\Users\a7577\Desktop\robot_frame_work\actions-runner\bin'
[2026-02-10 06:55:46Z INFO HostContext] Well known directory 'Root': 'C:\Users\a7577\Desktop\robot_frame_work\actions-runner'
[2026-02-10 06:55:46Z INFO HostContext] Well known config file 'MigratedRunner': 'C:\Users\a7577\Desktop\robot_frame_work\actions-runner\.runner_migrated'
[2026-02-10 06:55:46Z INFO ConfigurationStore] MigratedConfigFilePath: C:\Users\a7577\Desktop\robot_frame_work\actions-runner\.runner_migrated
[2026-02-10 06:55:46Z INFO HostContext] Well known directory 'Bin': 'C:\Users\a7577\Desktop\robot_frame_work\actions-runner\bin'
[2026-02-10 06:55:46Z INFO HostContext] Well known directory 'Root': 'C:\Users\a7577\Desktop\robot_frame_work\actions-runner'
[2026-02-10 06:55:46Z INFO HostContext] Well known config file 'Credentials': 'C:\Users\a7577\Desktop\robot_frame_work\actions-runner\.credentials'
[2026-02-10 06:55:46Z INFO ConfigurationStore] CredFilePath: C:\Users\a7577\Desktop\robot_frame_work\actions-runner\.credentials
[2026-02-10 06:55:46Z INFO HostContext] Well known directory 'Bin': 'C:\Users\a7577\Desktop\robot_frame_work\actions-runner\bin'
[2026-02-10 06:55:46Z INFO HostContext] Well known directory 'Root': 'C:\Users\a7577\Desktop\robot_frame_work\actions-runner'
[2026-02-10 06:55:46Z INFO HostContext] Well known config file 'MigratedCredentials': 'C:\Users\a7577\Desktop\robot_frame_work\actions-runner\.credentials_migrated'
[2026-02-10 06:55:46Z INFO ConfigurationStore] MigratedCredFilePath: C:\Users\a7577\Desktop\robot_frame_work\actions-runner\.credentials_migrated
[2026-02-10 06:55:46Z INFO HostContext] Well known directory 'Bin': 'C:\Users\a7577\Desktop\robot_frame_work\actions-runner\bin'
[2026-02-10 06:55:46Z INFO HostContext] Well known directory 'Root': 'C:\Users\a7577\Desktop\robot_frame_work\actions-runner'
[2026-02-10 06:55:46Z INFO HostContext] Well known config file 'Service': 'C:\Users\a7577\Desktop\robot_frame_work\actions-runner\.service'
[2026-02-10 06:55:46Z INFO ConfigurationStore] ServiceConfigFilePath: C:\Users\a7577\Desktop\robot_frame_work\actions-runner\.service
[2026-02-10 06:55:46Z INFO ConfigurationStore] Read setting file: 405 chars
[2026-02-10 06:55:46Z INFO JobRunner] Initializing launch client
[2026-02-10 06:55:46Z INFO JobServerQueue] Initializing results client
[2026-02-10 06:55:46Z INFO ResultServer] Creating websocket client ...wss://results-receiver.actions.githubusercontent.com/_ws/ingest.sock
[2026-02-10 06:55:46Z INFO ResultServer] Attempting to start websocket client with delay 00:00:00.
[2026-02-10 06:55:46Z INFO JobServerQueue] Start process web console line queue.
[2026-02-10 06:55:46Z INFO JobServerQueue] Start process file upload queue.
[2026-02-10 06:55:46Z INFO JobServerQueue] Start results file upload queue.
[2026-02-10 06:55:46Z INFO JobServerQueue] Starting results-based upload queue...
[2026-02-10 06:55:46Z INFO JobServerQueue] Start process timeline update queue.
[2026-02-10 06:55:46Z INFO ExecutionContext] Initializing Job context
[2026-02-10 06:55:46Z INFO ExecutionContext] Initialize GitHub context
[2026-02-10 06:55:46Z INFO ExecutionContext] Initialize Env context
[2026-02-10 06:55:46Z INFO HostContext] Well known directory 'Bin': 'C:\Users\a7577\Desktop\robot_frame_work\actions-runner\bin'
[2026-02-10 06:55:46Z INFO HostContext] Well known directory 'Root': 'C:\Users\a7577\Desktop\robot_frame_work\actions-runner'
[2026-02-10 06:55:46Z INFO HostContext] Well known directory 'Diag': 'C:\Users\a7577\Desktop\robot_frame_work\actions-runner\_diag'
[2026-02-10 06:55:46Z INFO HostContext] Well known directory 'Bin': 'C:\Users\a7577\Desktop\robot_frame_work\actions-runner\bin'
[2026-02-10 06:55:46Z INFO HostContext] Well known directory 'Root': 'C:\Users\a7577\Desktop\robot_frame_work\actions-runner'
[2026-02-10 06:55:46Z INFO HostContext] Well known directory 'Diag': 'C:\Users\a7577\Desktop\robot_frame_work\actions-runner\_diag'
[2026-02-10 06:55:46Z INFO JobRunner] Starting the job execution context.
[2026-02-10 06:55:46Z INFO HostContext] Well known directory 'Bin': 'C:\Users\a7577\Desktop\robot_frame_work\actions-runner\bin'
[2026-02-10 06:55:46Z INFO HostContext] Well known directory 'Root': 'C:\Users\a7577\Desktop\robot_frame_work\actions-runner'
[2026-02-10 06:55:46Z INFO HostContext] Well known directory 'Work': 'C:\Users\a7577\Desktop\robot_frame_work\actions-runner\_work'
[2026-02-10 06:55:46Z INFO JobRunner] Validating directory permissions for: 'C:\Users\a7577\Desktop\robot_frame_work\actions-runner\_work'
[2026-02-10 06:55:46Z INFO HostContext] Well known directory 'Bin': 'C:\Users\a7577\Desktop\robot_frame_work\actions-runner\bin'
[2026-02-10 06:55:46Z INFO HostContext] Well known directory 'Root': 'C:\Users\a7577\Desktop\robot_frame_work\actions-runner'
[2026-02-10 06:55:46Z INFO HostContext] Well known directory 'Work': 'C:\Users\a7577\Desktop\robot_frame_work\actions-runner\_work'
[2026-02-10 06:55:46Z INFO HostContext] Well known directory 'Tools': 'C:\Users\a7577\Desktop\robot_frame_work\actions-runner\_work\_tool'
[2026-02-10 06:55:46Z INFO HostContext] Well known directory 'Bin': 'C:\Users\a7577\Desktop\robot_frame_work\actions-runner\bin'
[2026-02-10 06:55:46Z INFO HostContext] Well known directory 'Root': 'C:\Users\a7577\Desktop\robot_frame_work\actions-runner'
[2026-02-10 06:55:46Z INFO HostContext] Well known directory 'Work': 'C:\Users\a7577\Desktop\robot_frame_work\actions-runner\_work'
[2026-02-10 06:55:46Z INFO HostContext] Well known directory 'Temp': 'C:\Users\a7577\Desktop\robot_frame_work\actions-runner\_work\_temp'
[2026-02-10 06:55:46Z INFO JobRunner] Getting job extension.
[2026-02-10 06:55:46Z INFO JobRunner] Initialize job. Getting all job steps.
[2026-02-10 06:55:46Z INFO HostContext] Well known directory 'Bin': 'C:\Users\a7577\Desktop\robot_frame_work\actions-runner\bin'
[2026-02-10 06:55:46Z INFO HostContext] Well known directory 'Root': 'C:\Users\a7577\Desktop\robot_frame_work\actions-runner'
[2026-02-10 06:55:46Z INFO HostContext] Well known directory 'Diag': 'C:\Users\a7577\Desktop\robot_frame_work\actions-runner\_diag'
[2026-02-10 06:55:46Z INFO HostContext] Well known directory 'Bin': 'C:\Users\a7577\Desktop\robot_frame_work\actions-runner\bin'
[2026-02-10 06:55:46Z INFO HostContext] Well known directory 'Root': 'C:\Users\a7577\Desktop\robot_frame_work\actions-runner'
[2026-02-10 06:55:46Z INFO HostContext] Well known directory 'Diag': 'C:\Users\a7577\Desktop\robot_frame_work\actions-runner\_diag'
[2026-02-10 06:55:46Z INFO HostContext] Well known directory 'Bin': 'C:\Users\a7577\Desktop\robot_frame_work\actions-runner\bin'
[2026-02-10 06:55:46Z INFO HostContext] Well known directory 'Root': 'C:\Users\a7577\Desktop\robot_frame_work\actions-runner'
[2026-02-10 06:55:46Z INFO HostContext] Well known config file 'Credentials': 'C:\Users\a7577\Desktop\robot_frame_work\actions-runner\.credentials'
[2026-02-10 06:55:46Z INFO HostContext] Well known directory 'Bin': 'C:\Users\a7577\Desktop\robot_frame_work\actions-runner\bin'
[2026-02-10 06:55:46Z INFO HostContext] Well known directory 'Root': 'C:\Users\a7577\Desktop\robot_frame_work\actions-runner'
[2026-02-10 06:55:46Z INFO HostContext] Well known config file 'SetupInfo': 'C:\Users\a7577\Desktop\robot_frame_work\actions-runner\.setup_info'
[2026-02-10 06:55:46Z INFO HostContext] Well known directory 'Bin': 'C:\Users\a7577\Desktop\robot_frame_work\actions-runner\bin'
[2026-02-10 06:55:46Z INFO HostContext] Well known directory 'Root': 'C:\Users\a7577\Desktop\robot_frame_work\actions-runner'
[2026-02-10 06:55:46Z INFO HostContext] Well known directory 'Work': 'C:\Users\a7577\Desktop\robot_frame_work\actions-runner\_work'
[2026-02-10 06:55:46Z INFO PipelineDirectoryManager] Loading tracking config if exists: C:\Users\a7577\Desktop\robot_frame_work\actions-runner\_work\_PipelineMapping\Armaan-khan786/robot_frame_work\PipelineFolder.json
[2026-02-10 06:55:46Z INFO PipelineDirectoryManager] Creating a new tracking config file.
[2026-02-10 06:55:46Z INFO HostContext] Well known directory 'Bin': 'C:\Users\a7577\Desktop\robot_frame_work\actions-runner\bin'
[2026-02-10 06:55:46Z INFO HostContext] Well known directory 'Root': 'C:\Users\a7577\Desktop\robot_frame_work\actions-runner'
[2026-02-10 06:55:46Z INFO HostContext] Well known directory 'Work': 'C:\Users\a7577\Desktop\robot_frame_work\actions-runner\_work'
[2026-02-10 06:55:46Z INFO PipelineDirectoryManager] Creating pipeline directory.
[2026-02-10 06:55:46Z INFO HostContext] Well known directory 'Bin': 'C:\Users\a7577\Desktop\robot_frame_work\actions-runner\bin'
[2026-02-10 06:55:46Z INFO HostContext] Well known directory 'Root': 'C:\Users\a7577\Desktop\robot_frame_work\actions-runner'
[2026-02-10 06:55:46Z INFO HostContext] Well known directory 'Work': 'C:\Users\a7577\Desktop\robot_frame_work\actions-runner\_work'
[2026-02-10 06:55:46Z INFO PipelineDirectoryManager] Creating workspace directory.
[2026-02-10 06:55:46Z INFO HostContext] Well known directory 'Bin': 'C:\Users\a7577\Desktop\robot_frame_work\actions-runner\bin'
[2026-02-10 06:55:46Z INFO HostContext] Well known directory 'Root': 'C:\Users\a7577\Desktop\robot_frame_work\actions-runner'
[2026-02-10 06:55:46Z INFO HostContext] Well known directory 'Work': 'C:\Users\a7577\Desktop\robot_frame_work\actions-runner\_work'
[2026-02-10 06:55:46Z INFO JobExtension] Downloading actions
[2026-02-10 06:55:46Z INFO HostContext] Well known directory 'Bin': 'C:\Users\a7577\Desktop\robot_frame_work\actions-runner\bin'
[2026-02-10 06:55:46Z INFO HostContext] Well known directory 'Root': 'C:\Users\a7577\Desktop\robot_frame_work\actions-runner'
[2026-02-10 06:55:46Z INFO HostContext] Well known directory 'Work': 'C:\Users\a7577\Desktop\robot_frame_work\actions-runner\_work'
[2026-02-10 06:55:46Z INFO HostContext] Well known directory 'Actions': 'C:\Users\a7577\Desktop\robot_frame_work\actions-runner\_work\_actions'
[2026-02-10 06:55:46Z INFO Worker] Listening for cancel message from the channel.
[2026-02-10 06:55:46Z INFO Worker] Waiting for the job to complete or for a cancel message from the channel.
[2026-02-10 06:55:47Z INFO ResultServer] Successfully started websocket client.
[2026-02-10 06:55:47Z INFO JobServerQueue] Try to append 1 batches web console lines for record '7ed11b5c-912b-4697-beee-020a70d180cc', success rate: 1/1.
[2026-02-10 06:55:47Z ERR  GitHubActionsService] POST request to https://launch.actions.githubusercontent.com/actions/build/ea828ad9-af2e-4fdb-9807-7ea0820823fe/jobs/af4ac457-6235-5683-84bf-93caa42f6371/runnerresolve/actions failed. HTTP Status: UnprocessableEntity
[2026-02-10 06:55:47Z ERR  JobExtension] Caught exception from JobExtension Initialization: GitHub.DistributedTask.WebApi.UnresolvableActionDownloadInfoException: This request has been automatically failed because it uses a deprecated version of `actions/upload-artifact: v3`. Learn more: https://github.blog/changelog/2024-04-16-deprecation-notice-v3-of-the-artifact-actions/
   at GitHub.Services.Launch.Client.LaunchHttpClient.GetResolveActionsDownloadInfoAsyncV2(Guid planId, Guid jobId, ActionReferenceList actionReferenceList, CancellationToken cancellationToken)
   at GitHub.Runner.Worker.ActionManager.GetDownloadInfoAsync(IExecutionContext executionContext, List`1 actions)
   at GitHub.Runner.Worker.ActionManager.GetDownloadInfoAsync(IExecutionContext executionContext, List`1 actions)
   at GitHub.Runner.Worker.ActionManager.PrepareActionsRecursiveAsync(IExecutionContext executionContext, PrepareActionsState state, IEnumerable`1 actions, Int32 depth, Guid parentStepId)
   at GitHub.Runner.Worker.ActionManager.PrepareActionsAsync(IExecutionContext executionContext, IEnumerable`1 steps, Guid rootStepId)
   at GitHub.Runner.Worker.JobExtension.InitializeJob(IExecutionContext jobContext, AgentJobRequestMessage message)
[2026-02-10 06:55:48Z INFO ExecutionContext] Publish step telemetry for current step {
  "action": "setup_job",
  "type": "runner",
  "stage": "Pre",
  "stepId": "7ed11b5c-912b-4697-beee-020a70d180cc",
  "result": "failed",
  "errorMessages": [
    "This request has been automatically failed because it uses a deprecated version of `actions/upload-artifact: v3`. Learn more: https://github.blog/changelog/2024-04-16-deprecation-notice-v3-of-the-artifact-actions/"
  ],
  "executionTimeInSeconds": 2,
  "startTime": "2026-02-10T06:55:46.6624676Z",
  "finishTime": "2026-02-10T06:55:47.9923974Z"
}.
[2026-02-10 06:55:48Z ERR  JobRunner] Job initialize failed.
[2026-02-10 06:55:48Z ERR  JobRunner] Caught exception from InitializeJob: GitHub.DistributedTask.WebApi.UnresolvableActionDownloadInfoException: This request has been automatically failed because it uses a deprecated version of `actions/upload-artifact: v3`. Learn more: https://github.blog/changelog/2024-04-16-deprecation-notice-v3-of-the-artifact-actions/
   at GitHub.Services.Launch.Client.LaunchHttpClient.GetResolveActionsDownloadInfoAsyncV2(Guid planId, Guid jobId, ActionReferenceList actionReferenceList, CancellationToken cancellationToken)
   at GitHub.Runner.Worker.ActionManager.GetDownloadInfoAsync(IExecutionContext executionContext, List`1 actions)
   at GitHub.Runner.Worker.ActionManager.GetDownloadInfoAsync(IExecutionContext executionContext, List`1 actions)
   at GitHub.Runner.Worker.ActionManager.PrepareActionsRecursiveAsync(IExecutionContext executionContext, PrepareActionsState state, IEnumerable`1 actions, Int32 depth, Guid parentStepId)
   at GitHub.Runner.Worker.ActionManager.PrepareActionsAsync(IExecutionContext executionContext, IEnumerable`1 steps, Guid rootStepId)
   at GitHub.Runner.Worker.JobExtension.InitializeJob(IExecutionContext jobContext, AgentJobRequestMessage message)
   at GitHub.Runner.Worker.JobRunner.RunAsync(AgentJobRequestMessage message, CancellationToken jobRequestCancellationToken)
[2026-02-10 06:55:48Z INFO JobRunner] Shutting down the job server queue.
[2026-02-10 06:55:48Z INFO JobServerQueue] Fire signal to shutdown all queues.
[2026-02-10 06:55:48Z INFO JobServerQueue] Job timeline record has been updated for the first time.
[2026-02-10 06:55:48Z INFO JobServerQueue] All queue process task stopped.
[2026-02-10 06:55:48Z INFO JobServerQueue] Try to append 1 batches web console lines for record '7ed11b5c-912b-4697-beee-020a70d180cc', success rate: 1/1.
[2026-02-10 06:55:48Z INFO JobServerQueue] Web console line queue drained.
[2026-02-10 06:55:48Z INFO JobServerQueue] Uploading 2 files in one shot.
[2026-02-10 06:55:48Z INFO JobServerQueue] Try to upload 2 log files or attachments, success rate: 2/2.
[2026-02-10 06:55:48Z INFO JobServerQueue] File upload queue drained.
[2026-02-10 06:55:48Z INFO JobServerQueue] Starting results-based upload queue...
[2026-02-10 06:55:48Z INFO JobServerQueue] Uploading 2 file(s) in one shot through results service.
[2026-02-10 06:55:48Z INFO JobServerQueue] Got a step log file to send to results service.
[2026-02-10 06:55:48Z INFO JobServerQueue] Starting upload of step log file to results service ResultsLog, C:\Users\a7577\Desktop\robot_frame_work\actions-runner\_diag\blocks\ea828ad9-af2e-4fdb-9807-7ea0820823fe_7ed11b5c-912b-4697-beee-020a70d180cc.1
[2026-02-10 06:55:50Z INFO JobServerQueue] Got a job log file to send to results service.
[2026-02-10 06:55:50Z INFO JobServerQueue] Starting upload of job log file to results service ResultsLog, C:\Users\a7577\Desktop\robot_frame_work\actions-runner\_diag\blocks\ea828ad9-af2e-4fdb-9807-7ea0820823fe_af4ac457-6235-5683-84bf-93caa42f6371.1
[2026-02-10 06:55:51Z INFO JobServerQueue] Tried to upload 2 file(s) to results, success rate: 2/2.
[2026-02-10 06:55:51Z INFO JobServerQueue] Results upload queue drained.
[2026-02-10 06:55:52Z INFO JobServerQueue] Timeline update queue drained.
[2026-02-10 06:55:52Z INFO JobServerQueue] Disposing job server ...
[2026-02-10 06:55:52Z INFO JobServerQueue] Disposing results server ...
[2026-02-10 06:55:52Z INFO JobServerQueue] All queue process tasks have been stopped, and all queues are drained.
[2026-02-10 06:55:52Z INFO TempDirectoryManager] Cleaning runner temp folder: C:\Users\a7577\Desktop\robot_frame_work\actions-runner\_work\_temp
[2026-02-10 06:55:52Z INFO HostContext] Well known directory 'Bin': 'C:\Users\a7577\Desktop\robot_frame_work\actions-runner\bin'
[2026-02-10 06:55:52Z INFO HostContext] Well known directory 'Root': 'C:\Users\a7577\Desktop\robot_frame_work\actions-runner'
[2026-02-10 06:55:52Z INFO HostContext] Well known directory 'Diag': 'C:\Users\a7577\Desktop\robot_frame_work\actions-runner\_diag'
[2026-02-10 06:55:52Z INFO HostContext] Well known config file 'Telemetry': 'C:\Users\a7577\Desktop\robot_frame_work\actions-runner\_diag\.telemetry'
[2026-02-10 06:55:52Z INFO JobRunner] Raising job completed against run service
[2026-02-10 06:55:53Z INFO Worker] Job completed.
